<?xml version="1.0" encoding="UTF-8"?>
<testsuite xmlns:xsi="http://www.w3.org/2001/XMLSchema-instance" xsi:noNamespaceSchemaLocation="https://maven.apache.org/surefire/maven-surefire-plugin/xsd/surefire-test-report.xsd" name="clinic.steps.AcceptanceTest" time="15.562" tests="29" errors="0" skipped="0" failures="0">
  <properties>
    <property name="java.specification.version" value="17"/>
    <property name="sun.cpu.isalist" value="amd64"/>
    <property name="sun.jnu.encoding" value="Cp1252"/>
    <property name="java.class.path" value="C:\Users\Lenovo\Desktop\clinic\target\test-classes;C:\Users\Lenovo\Desktop\clinic\target\classes;C:\Users\Lenovo\.m2\repository\io\cucumber\cucumber-junit\7.8.1\cucumber-junit-7.8.1.jar;C:\Users\Lenovo\.m2\repository\org\apiguardian\apiguardian-api\1.1.2\apiguardian-api-1.1.2.jar;C:\Users\Lenovo\.m2\repository\junit\junit\4.13.2\junit-4.13.2.jar;C:\Users\Lenovo\.m2\repository\org\hamcrest\hamcrest-core\1.3\hamcrest-core-1.3.jar;C:\Users\Lenovo\.m2\repository\io\cucumber\cucumber-java\7.8.1\cucumber-java-7.8.1.jar;C:\Users\Lenovo\.m2\repository\io\cucumber\cucumber-core\7.8.1\cucumber-core-7.8.1.jar;C:\Users\Lenovo\.m2\repository\io\cucumber\cucumber-gherkin\7.8.1\cucumber-gherkin-7.8.1.jar;C:\Users\Lenovo\.m2\repository\io\cucumber\cucumber-gherkin-messages\7.8.1\cucumber-gherkin-messages-7.8.1.jar;C:\Users\Lenovo\.m2\repository\io\cucumber\gherkin\24.0.0\gherkin-24.0.0.jar;C:\Users\Lenovo\.m2\repository\io\cucumber\messages\19.1.4\messages-19.1.4.jar;C:\Users\Lenovo\.m2\repository\io\cucumber\tag-expressions\4.1.0\tag-expressions-4.1.0.jar;C:\Users\Lenovo\.m2\repository\io\cucumber\cucumber-expressions\16.0.0\cucumber-expressions-16.0.0.jar;C:\Users\Lenovo\.m2\repository\io\cucumber\datatable\7.8.1\datatable-7.8.1.jar;C:\Users\Lenovo\.m2\repository\io\cucumber\cucumber-plugin\7.8.1\cucumber-plugin-7.8.1.jar;C:\Users\Lenovo\.m2\repository\io\cucumber\docstring\7.8.1\docstring-7.8.1.jar;C:\Users\Lenovo\.m2\repository\io\cucumber\html-formatter\20.1.0\html-formatter-20.1.0.jar;C:\Users\Lenovo\.m2\repository\io\cucumber\ci-environment\9.1.0\ci-environment-9.1.0.jar;C:\Users\Lenovo\.m2\repository\io\cucumber\cucumber-picocontainer\7.8.1\cucumber-picocontainer-7.8.1.jar;C:\Users\Lenovo\.m2\repository\org\picocontainer\picocontainer\2.15\picocontainer-2.15.jar;"/>
    <property name="java.vm.vendor" value="Eclipse Adoptium"/>
    <property name="sun.arch.data.model" value="64"/>
    <property name="user.variant" value=""/>
    <property name="java.vendor.url" value="https://adoptium.net/"/>
    <property name="user.timezone" value="Asia/Hebron"/>
    <property name="os.name" value="Windows 11"/>
    <property name="java.vm.specification.version" value="17"/>
    <property name="sun.java.launcher" value="SUN_STANDARD"/>
    <property name="user.country" value="US"/>
    <property name="sun.boot.library.path" value="C:\Users\Lenovo\.p2\pool\plugins\org.eclipse.justj.openjdk.hotspot.jre.full.win32.x86_64_17.0.4.v20221004-1257\jre\bin"/>
    <property name="sun.java.command" value="C:\Users\Lenovo\AppData\Local\Temp\surefire12753227799244359969\surefirebooter11235013086170717432.jar C:\Users\Lenovo\AppData\Local\Temp\surefire12753227799244359969 2022-12-19T08-59-15_549-jvmRun1 surefire898550722493056508tmp surefire_02621211471759379815tmp"/>
    <property name="jdk.debug" value="release"/>
    <property name="surefire.test.class.path" value="C:\Users\Lenovo\Desktop\clinic\target\test-classes;C:\Users\Lenovo\Desktop\clinic\target\classes;C:\Users\Lenovo\.m2\repository\io\cucumber\cucumber-junit\7.8.1\cucumber-junit-7.8.1.jar;C:\Users\Lenovo\.m2\repository\org\apiguardian\apiguardian-api\1.1.2\apiguardian-api-1.1.2.jar;C:\Users\Lenovo\.m2\repository\junit\junit\4.13.2\junit-4.13.2.jar;C:\Users\Lenovo\.m2\repository\org\hamcrest\hamcrest-core\1.3\hamcrest-core-1.3.jar;C:\Users\Lenovo\.m2\repository\io\cucumber\cucumber-java\7.8.1\cucumber-java-7.8.1.jar;C:\Users\Lenovo\.m2\repository\io\cucumber\cucumber-core\7.8.1\cucumber-core-7.8.1.jar;C:\Users\Lenovo\.m2\repository\io\cucumber\cucumber-gherkin\7.8.1\cucumber-gherkin-7.8.1.jar;C:\Users\Lenovo\.m2\repository\io\cucumber\cucumber-gherkin-messages\7.8.1\cucumber-gherkin-messages-7.8.1.jar;C:\Users\Lenovo\.m2\repository\io\cucumber\gherkin\24.0.0\gherkin-24.0.0.jar;C:\Users\Lenovo\.m2\repository\io\cucumber\messages\19.1.4\messages-19.1.4.jar;C:\Users\Lenovo\.m2\repository\io\cucumber\tag-expressions\4.1.0\tag-expressions-4.1.0.jar;C:\Users\Lenovo\.m2\repository\io\cucumber\cucumber-expressions\16.0.0\cucumber-expressions-16.0.0.jar;C:\Users\Lenovo\.m2\repository\io\cucumber\datatable\7.8.1\datatable-7.8.1.jar;C:\Users\Lenovo\.m2\repository\io\cucumber\cucumber-plugin\7.8.1\cucumber-plugin-7.8.1.jar;C:\Users\Lenovo\.m2\repository\io\cucumber\docstring\7.8.1\docstring-7.8.1.jar;C:\Users\Lenovo\.m2\repository\io\cucumber\html-formatter\20.1.0\html-formatter-20.1.0.jar;C:\Users\Lenovo\.m2\repository\io\cucumber\ci-environment\9.1.0\ci-environment-9.1.0.jar;C:\Users\Lenovo\.m2\repository\io\cucumber\cucumber-picocontainer\7.8.1\cucumber-picocontainer-7.8.1.jar;C:\Users\Lenovo\.m2\repository\org\picocontainer\picocontainer\2.15\picocontainer-2.15.jar;"/>
    <property name="sun.cpu.endian" value="little"/>
    <property name="user.home" value="C:\Users\Lenovo"/>
    <property name="user.language" value="en"/>
    <property name="java.specification.vendor" value="Oracle Corporation"/>
    <property name="java.version.date" value="2022-08-12"/>
    <property name="java.home" value="C:\Users\Lenovo\.p2\pool\plugins\org.eclipse.justj.openjdk.hotspot.jre.full.win32.x86_64_17.0.4.v20221004-1257\jre"/>
    <property name="file.separator" value="\"/>
    <property name="style.color" value="always"/>
    <property name="basedir" value="C:\Users\Lenovo\Desktop\clinic"/>
    <property name="java.vm.compressedOopsMode" value="32-bit"/>
    <property name="line.separator" value="&#10;"/>
    <property name="java.vm.specification.vendor" value="Oracle Corporation"/>
    <property name="java.specification.name" value="Java Platform API Specification"/>
    <property name="surefire.real.class.path" value="C:\Users\Lenovo\AppData\Local\Temp\surefire12753227799244359969\surefirebooter11235013086170717432.jar"/>
    <property name="user.script" value=""/>
    <property name="sun.management.compiler" value="HotSpot 64-Bit Tiered Compilers"/>
    <property name="java.runtime.version" value="17.0.4.1+1"/>
    <property name="user.name" value="Lenovo"/>
    <property name="path.separator" value=";"/>
    <property name="os.version" value="10.0"/>
    <property name="java.runtime.name" value="OpenJDK Runtime Environment"/>
    <property name="file.encoding" value="Cp1252"/>
    <property name="java.vm.name" value="OpenJDK 64-Bit Server VM"/>
    <property name="java.vendor.version" value="Temurin-17.0.4.1+1"/>
    <property name="localRepository" value="C:\Users\Lenovo\.m2\repository"/>
    <property name="java.vendor.url.bug" value="https://github.com/adoptium/adoptium-support/issues"/>
    <property name="java.io.tmpdir" value="C:\Users\Lenovo\AppData\Local\Temp\"/>
    <property name="java.version" value="17.0.4.1"/>
    <property name="user.dir" value="C:\Users\Lenovo\Desktop\clinic"/>
    <property name="os.arch" value="amd64"/>
    <property name="java.vm.specification.name" value="Java Virtual Machine Specification"/>
    <property name="sun.os.patch.level" value=""/>
    <property name="native.encoding" value="Cp1252"/>
    <property name="java.library.path" value="C:\Users\Lenovo\.p2\pool\plugins\org.eclipse.justj.openjdk.hotspot.jre.full.win32.x86_64_17.0.4.v20221004-1257\jre\bin;C:\WINDOWS\Sun\Java\bin;C:\WINDOWS\system32;C:\WINDOWS;C:/Users/Lenovo/.p2/pool/plugins/org.eclipse.justj.openjdk.hotspot.jre.full.win32.x86_64_17.0.4.v20221004-1257/jre/bin/server;C:/Users/Lenovo/.p2/pool/plugins/org.eclipse.justj.openjdk.hotspot.jre.full.win32.x86_64_17.0.4.v20221004-1257/jre/bin;C:\Program Files\Common Files\Oracle\Java\javapath;C:\Program Files (x86)\Common Files\Oracle\Java\javapath;C:\WINDOWS\system32;C:\WINDOWS;C:\WINDOWS\System32\Wbem;C:\WINDOWS\System32\WindowsPowerShell\v1.0\;C:\WINDOWS\System32\OpenSSH\;C:\Program Files\Java\jdk-19\bin;C:\Program Files\Git\cmd;C:\Program Files\dotnet\;C:\Users\Lenovo\AppData\Local\Microsoft\WindowsApps;;C:\Program Files\JetBrains\PyCharm Community Edition 2022.2.2\bin;;C:\Users\Lenovo\Desktop;;."/>
    <property name="java.vm.info" value="mixed mode"/>
    <property name="java.vendor" value="Eclipse Adoptium"/>
    <property name="java.vm.version" value="17.0.4.1+1"/>
    <property name="sun.io.unicode.encoding" value="UnicodeLittle"/>
    <property name="java.class.version" value="61.0"/>
  </properties>
  <testcase name="Patient can login" classname="Login #1" time="0.42"/>
  <testcase name="Patient cannot login" classname="Login #1" time="0.033"/>
  <testcase name="Admin can login" classname="Login #1" time="0.036"/>
  <testcase name="Admin cannot login" classname="Login #1" time="0.026"/>
  <testcase name="Credentials do not match with an admin&apos;s nor a patient&apos;s" classname="Login #1" time="0.023"/>
  <testcase name="Patient can login -&gt; gui" classname="Login #2" time="3.556"/>
  <testcase name="Patient cannot login -&gt; gui" classname="Login #2" time="2.158"/>
  <testcase name="Admin can login -&gt; gui" classname="Login #2" time="2.112"/>
  <testcase name="Admin cannot login -&gt; gui" classname="Login #2" time="2.292"/>
  <testcase name="Credentials do not match with an admin&apos;s nor a patient&apos;s -&gt; gui" classname="Login #2" time="2.433"/>
  <testcase name="The sign up is successful" classname="Sign up" time="0.016"/>
  <testcase name="The sign up is unsuccessful" classname="Sign up" time="0.017"/>
  <testcase name="Can add a service" classname="Admin add a service to the clinic" time="0.024"/>
  <testcase name="Can not add a service" classname="Admin add a service to the clinic" time="0.019"/>
  <testcase name="Add an appointement successfully" classname="Add Appointement to clinic system" time="0.019"/>
  <testcase name="Add an appointement unsuccessfully" classname="Add Appointement to clinic system" time="0.029"/>
  <testcase name="Patient can choose the service" classname="Patient add a service to his appointment" time="0.017"/>
  <testcase name="The patient&apos;s appointment turns into a visit" classname="Visits" time="0.041"/>
  <testcase name="edit a date or time of appointement successfully" classname="Edit Appointement to clinic system" time="0.019"/>
  <testcase name="edit a date or time of appointement unsuccessfully" classname="Edit Appointement to clinic system" time="0.02"/>
  <testcase name="Patient can add an invoice successfully" classname="Patient add invoice" time="0.014"/>
  <testcase name="Patient can not add invoice successfully" classname="Patient add invoice" time="0.015"/>
  <testcase name="Patient can not add invoice" classname="Patient add invoice" time="0.015"/>
  <testcase name="remove a date or time of appointement successfully" classname="Remove Appointement to clinic system" time="0.016"/>
  <testcase name="remove a date or time of appointement unsuccessfully" classname="Remove Appointement to clinic system" time="0.016"/>
  <testcase name="Admin can generate patients&apos; names report with their appointments details" classname="Admin generates reports" time="0.048"/>
  <testcase name="Admin can display services and the team" classname="Admin generates reports" time="0.032"/>
  <testcase name="User can logout" classname="Logout" time="0.016"/>
  <testcase name="User cannot logout" classname="Logout" time="0.01"/>
</testsuite>